[debug] [2024-11-12T10:09:58.600Z] ----------------------------------------------------------------------
[debug] [2024-11-12T10:09:58.605Z] Command:       C:\Program Files\nodejs\node.exe C:\Users\ADMIN\AppData\Roaming\npm\node_modules\firebase-tools\lib\bin\firebase.js init
[debug] [2024-11-12T10:09:58.606Z] CLI Version:   13.24.2
[debug] [2024-11-12T10:09:58.606Z] Platform:      win32
[debug] [2024-11-12T10:09:58.606Z] Node Version:  v20.11.0
[debug] [2024-11-12T10:09:58.606Z] Time:          Tue Nov 12 2024 15:39:58 GMT+0530 (India Standard Time)
[debug] [2024-11-12T10:09:58.607Z] ----------------------------------------------------------------------
[debug] 
[debug] [2024-11-12T10:09:58.618Z] > command requires scopes: ["email","openid","https://www.googleapis.com/auth/cloudplatformprojects.readonly","https://www.googleapis.com/auth/firebase","https://www.googleapis.com/auth/cloud-platform"]
[debug] [2024-11-12T10:09:58.619Z] > authorizing via signed-in user (piusria92@gmail.com)
[info] 
     ######## #### ########  ######## ########     ###     ######  ########
     ##        ##  ##     ## ##       ##     ##  ##   ##  ##       ##
     ######    ##  ########  ######   ########  #########  ######  ######
     ##        ##  ##    ##  ##       ##     ## ##     ##       ## ##
     ##       #### ##     ## ######## ########  ##     ##  ######  ########

You're about to initialize a Firebase project in this directory:

  D:\pms

[info] 
=== Project Setup
[info] 
[info] First, let's associate this project directory with a Firebase project.
[info] You can create multiple project aliases by running firebase use --add, 
[info] but for now we'll just set up a default project.
[info] 
[info] i  If you want to create a project in a Google Cloud organization or folder, please use "firebase projects:create" instead, and return to this command when you've created the project. 
[debug] [2024-11-12T10:11:53.898Z] Checked if tokens are valid: true, expires at: 1731409406260
[debug] [2024-11-12T10:11:53.900Z] Checked if tokens are valid: true, expires at: 1731409406260
[debug] [2024-11-12T10:11:53.903Z] >>> [apiv2][query] POST https://cloudresourcemanager.googleapis.com/v1/projects [none]
[debug] [2024-11-12T10:11:53.904Z] >>> [apiv2][body] POST https://cloudresourcemanager.googleapis.com/v1/projects {"projectId":"carmelconnect","name":"carmelconnect"}
[debug] [2024-11-12T10:11:56.174Z] <<< [apiv2][status] POST https://cloudresourcemanager.googleapis.com/v1/projects 200
[debug] [2024-11-12T10:11:56.174Z] <<< [apiv2][body] POST https://cloudresourcemanager.googleapis.com/v1/projects {"name":"operations/cp.7012514192085071566"}
[debug] [2024-11-12T10:11:56.179Z] Checked if tokens are valid: true, expires at: 1731409406260
[debug] [2024-11-12T10:11:56.180Z] Checked if tokens are valid: true, expires at: 1731409406260
[debug] [2024-11-12T10:11:56.182Z] >>> [apiv2][query] GET https://cloudresourcemanager.googleapis.com/v1/operations/cp.7012514192085071566 [none]
[debug] [2024-11-12T10:11:57.995Z] <<< [apiv2][status] GET https://cloudresourcemanager.googleapis.com/v1/operations/cp.7012514192085071566 200
[debug] [2024-11-12T10:11:57.996Z] <<< [apiv2][body] GET https://cloudresourcemanager.googleapis.com/v1/operations/cp.7012514192085071566 {"name":"operations/cp.7012514192085071566","metadata":{"@type":"type.googleapis.com/google.cloudresourcemanager.v1.ProjectCreationStatus","ready":true},"done":true,"error":{"code":9,"message":"Callers must accept Terms of Service","details":[{"@type":"type.googleapis.com/google.rpc.PreconditionFailure","violations":[{"type":"TOS","subject":"cloud","description":"Callers must accept Terms of Service"}]}]}}
[debug] [2024-11-12T10:11:58.333Z] FirebaseError: Callers must accept Terms of Service
    at OperationPoller.poll (C:\Users\ADMIN\AppData\Roaming\npm\node_modules\firebase-tools\lib\operation-poller.js:24:19)
    at process.processTicksAndRejections (node:internal/process/task_queues:95:5)
    at async createCloudProject (C:\Users\ADMIN\AppData\Roaming\npm\node_modules\firebase-tools\lib\management\projects.js:186:29)
    at async createFirebaseProjectAndLog (C:\Users\ADMIN\AppData\Roaming\npm\node_modules\firebase-tools\lib\management\projects.js:45:9)
    at async promptAndCreateNewProject (C:\Users\ADMIN\AppData\Roaming\npm\node_modules\firebase-tools\lib\init\features\project.js:32:12)
    at async doSetup (C:\Users\ADMIN\AppData\Roaming\npm\node_modules\firebase-tools\lib\init\features\project.js:88:27)
    at async init (C:\Users\ADMIN\AppData\Roaming\npm\node_modules\firebase-tools\lib\init\index.js:41:9)
[error] 
[error] Error: Failed to create project. See firebase-debug.log for more info.
